Added Component: Designator=C1(6-0805_N)
Added Component: Designator=C2(8*12直插铝电解)
Added Component: Designator=C3(8*12直插铝电解)
Added Component: Designator=C4(6-0805_N)
Added Component: Designator=C5(6-0805_N)
Added Component: Designator=C6(8*12直插铝电解)
Added Component: Designator=C7(8*12直插铝电解)
Added Component: Designator=C8(6-0805_N)
Added Component: Designator=C9(6-0805_N)
Added Component: Designator=C10(6-0805_N)
Added Component: Designator=C11(6-0805_N)
Added Component: Designator=C12(6-0805_N)
Added Component: Designator=D1(SS54/DO214)
Added Component: Designator=D2(1206_LED)
Added Component: Designator=D3(SS54/DO214)
Added Component: Designator=D4(1206_LED)
Added Component: Designator=J1(PIN1)
Added Component: Designator=J2(PIN1)
Added Component: Designator=J3(HDR2X20H)
Added Component: Designator=L1(12*12*7贴片电感)
Added Component: Designator=L2(12*12*7贴片电感)
Added Component: Designator=P1(HDR1X2)
Added Component: Designator=P2(HDR1X2)
Added Component: Designator=P3(HDR1X3)
Added Component: Designator=P4(HDR1X3)
Added Component: Designator=P5(HDR1X3)
Added Component: Designator=P6(HDR1X3)
Added Component: Designator=P7(HDR1X3)
Added Component: Designator=P8(HDR1X3)
Added Component: Designator=P9(HDR1X3)
Added Component: Designator=P10(HDR1X3)
Added Component: Designator=P11(HDR2X8)
Added Component: Designator=P12(HDR2X10)
Added Component: Designator=P13(HDR1X4)
Added Component: Designator=P14(HDR1X4)
Added Component: Designator=P15(HDR1X4)
Added Component: Designator=P16(HDR1X10)
Added Component: Designator=R1(6-0805_N)
Added Component: Designator=R2(3296W精密电位器)
Added Component: Designator=R3(J1-0603)
Added Component: Designator=R4(6-0805_N)
Added Component: Designator=R5(3296W精密电位器)
Added Component: Designator=R6(J1-0603)
Added Component: Designator=R7(6-0805_N)
Added Component: Designator=R8(6-0805_N)
Added Component: Designator=R9(1608[0603])
Added Component: Designator=R10(1608[0603])
Added Component: Designator=R11(1608[0603])
Added Component: Designator=R12(1608[0603])
Added Component: Designator=R13(1608[0603])
Added Component: Designator=R14(1608[0603])
Added Component: Designator=R15(1608[0603])
Added Component: Designator=R16(1608[0603])
Added Component: Designator=R17(1608[0603])
Added Component: Designator=R18(1608[0603])
Added Component: Designator=R19(1608[0603])
Added Component: Designator=R20(1608[0603])
Added Component: Designator=R21(1608[0603])
Added Component: Designator=R22(1608[0603])
Added Component: Designator=R23(1608[0603])
Added Component: Designator=R24(1608[0603])
Added Component: Designator=R25(1608[0603])
Added Component: Designator=R26(1608[0603])
Added Component: Designator=R27(1608[0603])
Added Component: Designator=R28(1608[0603])
Added Component: Designator=R29(1608[0603])
Added Component: Designator=R30(1608[0603])
Added Component: Designator=R31(1608[0603])
Added Component: Designator=R32(1608[0603])
Added Component: Designator=R33(1608[0603])
Added Component: Designator=R34(1608[0603])
Added Component: Designator=R35(1608[0603])
Added Component: Designator=R36(1608[0603])
Added Component: Designator=R37(1608[0603])
Added Component: Designator=R38(1608[0603])
Added Component: Designator=R39(1608[0603])
Added Component: Designator=R40(1608[0603])
Added Component: Designator=R41(1608[0603])
Added Component: Designator=R42(1608[0603])
Added Component: Designator=R43(1608[0603])
Added Component: Designator=R44(1608[0603])
Added Component: Designator=R45(1608[0603])
Added Component: Designator=R46(1608[0603])
Added Component: Designator=R47(1608[0603])
Added Component: Designator=R48(1608[0603])
Added Component: Designator=R49(1608[0603])
Added Component: Designator=U2(SO-8)
Added Component: Designator=U3(SO-8)
Added Component: Designator=U4(TO-263)
Added Component: Designator=U5(TO-263)
Added Component: Designator=X1(XT60-PB)
Added Component: Designator=X2(XT60-PB)
Added Component: Designator=X3(XT60-PB)
Added Component: Designator=X4(XT60-PB)
Added Component: Designator=X5(XT60-PB)
Added Component: Designator=X6(XT60-PB)
Added Component: Designator=X7(XT60-PB)
Added Pin To Net: NetName=ADC3_IN4 Pin=R19-1
Added Net: Name=ADC3_IN4
Added Pin To Net: NetName=ADC3_IN5 Pin=R20-2
Added Net: Name=ADC3_IN5
Added Pin To Net: NetName=ADC3_IN6 Pin=R21-1
Added Net: Name=ADC3_IN6
Added Pin To Net: NetName=ADC3_IN9 Pin=R22-2
Added Net: Name=ADC3_IN9
Added Pin To Net: NetName=ADC3_IN14 Pin=R23-1
Added Net: Name=ADC3_IN14
Added Pin To Net: NetName=ADC3_IN15 Pin=C11-1
Added Pin To Net: NetName=ADC3_IN15 Pin=C12-2
Added Pin To Net: NetName=ADC3_IN15 Pin=R9-1
Added Pin To Net: NetName=ADC3_IN15 Pin=R10-2
Added Net: Name=ADC3_IN15
Added Pin To Net: NetName=ADC12_IN14 Pin=R17-1
Added Net: Name=ADC12_IN14
Added Pin To Net: NetName=ADC12_IN15 Pin=R18-2
Added Net: Name=ADC12_IN15
Added Pin To Net: NetName=ADC123_IN10 Pin=R13-1
Added Net: Name=ADC123_IN10
Added Pin To Net: NetName=ADC123_IN11 Pin=R14-2
Added Net: Name=ADC123_IN11
Added Pin To Net: NetName=ADC123_IN12 Pin=R15-1
Added Net: Name=ADC123_IN12
Added Pin To Net: NetName=ADC123_IN13 Pin=R16-2
Added Net: Name=ADC123_IN13
Added Pin To Net: NetName=CAN1_RX Pin=U2-4
Added Net: Name=CAN1_RX
Added Pin To Net: NetName=CAN1_TX Pin=U2-1
Added Net: Name=CAN1_TX
Added Pin To Net: NetName=CAN2_RX Pin=U3-4
Added Net: Name=CAN2_RX
Added Pin To Net: NetName=CAN2_TX Pin=U3-1
Added Net: Name=CAN2_TX
Added Pin To Net: NetName=DAC1_OUT Pin=R11-1
Added Net: Name=DAC1_OUT
Added Pin To Net: NetName=DAC2_OUT Pin=R12-2
Added Net: Name=DAC2_OUT
Added Pin To Net: NetName=GND Pin=C1-1
Added Pin To Net: NetName=GND Pin=C2-2
Added Pin To Net: NetName=GND Pin=C3-2
Added Pin To Net: NetName=GND Pin=C4-1
Added Pin To Net: NetName=GND Pin=C5-1
Added Pin To Net: NetName=GND Pin=C6-2
Added Pin To Net: NetName=GND Pin=C7-2
Added Pin To Net: NetName=GND Pin=C8-1
Added Pin To Net: NetName=GND Pin=C9-2
Added Pin To Net: NetName=GND Pin=C10-2
Added Pin To Net: NetName=GND Pin=C12-1
Added Pin To Net: NetName=GND Pin=D2-2
Added Pin To Net: NetName=GND Pin=D4-2
Added Pin To Net: NetName=GND Pin=J2-1
Added Pin To Net: NetName=GND Pin=J3-6
Added Pin To Net: NetName=GND Pin=P3-1
Added Pin To Net: NetName=GND Pin=P4-1
Added Pin To Net: NetName=GND Pin=P5-1
Added Pin To Net: NetName=GND Pin=P6-1
Added Pin To Net: NetName=GND Pin=P7-1
Added Pin To Net: NetName=GND Pin=P8-1
Added Pin To Net: NetName=GND Pin=P9-1
Added Pin To Net: NetName=GND Pin=P10-1
Added Pin To Net: NetName=GND Pin=P11-16
Added Pin To Net: NetName=GND Pin=P12-20
Added Pin To Net: NetName=GND Pin=P13-4
Added Pin To Net: NetName=GND Pin=P14-4
Added Pin To Net: NetName=GND Pin=P15-4
Added Pin To Net: NetName=GND Pin=P16-10
Added Pin To Net: NetName=GND Pin=R1-1
Added Pin To Net: NetName=GND Pin=R4-1
Added Pin To Net: NetName=GND Pin=R10-1
Added Pin To Net: NetName=GND Pin=U2-2
Added Pin To Net: NetName=GND Pin=U2-8
Added Pin To Net: NetName=GND Pin=U3-2
Added Pin To Net: NetName=GND Pin=U3-8
Added Pin To Net: NetName=GND Pin=U4-3
Added Pin To Net: NetName=GND Pin=U5-3
Added Pin To Net: NetName=GND Pin=X1-2
Added Pin To Net: NetName=GND Pin=X2-2
Added Pin To Net: NetName=GND Pin=X3-2
Added Pin To Net: NetName=GND Pin=X4-2
Added Pin To Net: NetName=GND Pin=X5-2
Added Pin To Net: NetName=GND Pin=X6-2
Added Pin To Net: NetName=GND Pin=X7-2
Added Net: Name=GND
Added Pin To Net: NetName=NetD1_1 Pin=D1-1
Added Pin To Net: NetName=NetD1_1 Pin=L1-1
Added Pin To Net: NetName=NetD1_1 Pin=U4-2
Added Net: Name=NetD1_1
Added Pin To Net: NetName=NetD2_1 Pin=D2-1
Added Pin To Net: NetName=NetD2_1 Pin=R3-2
Added Net: Name=NetD2_1
Added Pin To Net: NetName=NetD3_1 Pin=D3-1
Added Pin To Net: NetName=NetD3_1 Pin=L2-1
Added Pin To Net: NetName=NetD3_1 Pin=U5-2
Added Net: Name=NetD3_1
Added Pin To Net: NetName=NetD4_1 Pin=D4-1
Added Pin To Net: NetName=NetD4_1 Pin=R6-2
Added Net: Name=NetD4_1
Added Pin To Net: NetName=NetP1_1 Pin=P1-1
Added Pin To Net: NetName=NetP1_1 Pin=R7-2
Added Pin To Net: NetName=NetP1_1 Pin=U2-7
Added Net: Name=NetP1_1
Added Pin To Net: NetName=NetP1_2 Pin=P1-2
Added Pin To Net: NetName=NetP1_2 Pin=R7-1
Added Pin To Net: NetName=NetP1_2 Pin=U2-6
Added Net: Name=NetP1_2
Added Pin To Net: NetName=NetP2_1 Pin=P2-1
Added Pin To Net: NetName=NetP2_1 Pin=R8-2
Added Pin To Net: NetName=NetP2_1 Pin=U3-7
Added Net: Name=NetP2_1
Added Pin To Net: NetName=NetP2_2 Pin=P2-2
Added Pin To Net: NetName=NetP2_2 Pin=R8-1
Added Pin To Net: NetName=NetP2_2 Pin=U3-6
Added Net: Name=NetP2_2
Added Pin To Net: NetName=NetP11_1 Pin=P11-1
Added Pin To Net: NetName=NetP11_1 Pin=R11-2
Added Net: Name=NetP11_1
Added Pin To Net: NetName=NetP11_2 Pin=P11-2
Added Pin To Net: NetName=NetP11_2 Pin=R12-1
Added Net: Name=NetP11_2
Added Pin To Net: NetName=NetP11_3 Pin=P11-3
Added Pin To Net: NetName=NetP11_3 Pin=R13-2
Added Net: Name=NetP11_3
Added Pin To Net: NetName=NetP11_4 Pin=P11-4
Added Pin To Net: NetName=NetP11_4 Pin=R14-1
Added Net: Name=NetP11_4
Added Pin To Net: NetName=NetP11_5 Pin=P11-5
Added Pin To Net: NetName=NetP11_5 Pin=R15-2
Added Net: Name=NetP11_5
Added Pin To Net: NetName=NetP11_6 Pin=P11-6
Added Pin To Net: NetName=NetP11_6 Pin=R16-1
Added Net: Name=NetP11_6
Added Pin To Net: NetName=NetP11_7 Pin=P11-7
Added Pin To Net: NetName=NetP11_7 Pin=R17-2
Added Net: Name=NetP11_7
Added Pin To Net: NetName=NetP11_8 Pin=P11-8
Added Pin To Net: NetName=NetP11_8 Pin=R18-1
Added Net: Name=NetP11_8
Added Pin To Net: NetName=NetP11_9 Pin=P11-9
Added Pin To Net: NetName=NetP11_9 Pin=R19-2
Added Net: Name=NetP11_9
Added Pin To Net: NetName=NetP11_10 Pin=P11-10
Added Pin To Net: NetName=NetP11_10 Pin=R20-1
Added Net: Name=NetP11_10
Added Pin To Net: NetName=NetP11_11 Pin=P11-11
Added Pin To Net: NetName=NetP11_11 Pin=R21-2
Added Net: Name=NetP11_11
Added Pin To Net: NetName=NetP11_12 Pin=P11-12
Added Pin To Net: NetName=NetP11_12 Pin=R22-1
Added Net: Name=NetP11_12
Added Pin To Net: NetName=NetP11_13 Pin=P11-13
Added Pin To Net: NetName=NetP11_13 Pin=R23-2
Added Net: Name=NetP11_13
Added Pin To Net: NetName=NetP12_1 Pin=P12-1
Added Pin To Net: NetName=NetP12_1 Pin=R24-2
Added Net: Name=NetP12_1
Added Pin To Net: NetName=NetP12_2 Pin=P12-2
Added Pin To Net: NetName=NetP12_2 Pin=R25-1
Added Net: Name=NetP12_2
Added Pin To Net: NetName=NetP12_3 Pin=P12-3
Added Pin To Net: NetName=NetP12_3 Pin=R26-2
Added Net: Name=NetP12_3
Added Pin To Net: NetName=NetP12_4 Pin=P12-4
Added Pin To Net: NetName=NetP12_4 Pin=R27-1
Added Net: Name=NetP12_4
Added Pin To Net: NetName=NetP12_5 Pin=P12-5
Added Pin To Net: NetName=NetP12_5 Pin=R28-2
Added Net: Name=NetP12_5
Added Pin To Net: NetName=NetP12_6 Pin=P12-6
Added Pin To Net: NetName=NetP12_6 Pin=R29-1
Added Net: Name=NetP12_6
Added Pin To Net: NetName=NetP12_7 Pin=P12-7
Added Pin To Net: NetName=NetP12_7 Pin=R30-2
Added Net: Name=NetP12_7
Added Pin To Net: NetName=NetP12_8 Pin=P12-8
Added Pin To Net: NetName=NetP12_8 Pin=R31-1
Added Net: Name=NetP12_8
Added Pin To Net: NetName=NetP12_9 Pin=P12-9
Added Pin To Net: NetName=NetP12_9 Pin=R32-2
Added Net: Name=NetP12_9
Added Pin To Net: NetName=NetP12_10 Pin=P12-10
Added Pin To Net: NetName=NetP12_10 Pin=R33-1
Added Net: Name=NetP12_10
Added Pin To Net: NetName=NetP12_11 Pin=P12-11
Added Pin To Net: NetName=NetP12_11 Pin=R34-2
Added Net: Name=NetP12_11
Added Pin To Net: NetName=NetP12_12 Pin=P12-12
Added Pin To Net: NetName=NetP12_12 Pin=R35-1
Added Net: Name=NetP12_12
Added Pin To Net: NetName=NetP12_13 Pin=P12-13
Added Pin To Net: NetName=NetP12_13 Pin=R36-2
Added Net: Name=NetP12_13
Added Pin To Net: NetName=NetP12_14 Pin=P12-14
Added Pin To Net: NetName=NetP12_14 Pin=R37-1
Added Net: Name=NetP12_14
Added Pin To Net: NetName=NetP12_15 Pin=P12-15
Added Pin To Net: NetName=NetP12_15 Pin=R38-2
Added Net: Name=NetP12_15
Added Pin To Net: NetName=NetP12_16 Pin=P12-16
Added Pin To Net: NetName=NetP12_16 Pin=R39-1
Added Net: Name=NetP12_16
Added Pin To Net: NetName=NetP12_17 Pin=P12-17
Added Pin To Net: NetName=NetP12_17 Pin=R40-2
Added Net: Name=NetP12_17
Added Pin To Net: NetName=NetP12_18 Pin=P12-18
Added Pin To Net: NetName=NetP12_18 Pin=R41-1
Added Net: Name=NetP12_18
Added Pin To Net: NetName=NetP16_1 Pin=P16-1
Added Pin To Net: NetName=NetP16_1 Pin=R42-2
Added Net: Name=NetP16_1
Added Pin To Net: NetName=NetP16_2 Pin=P16-2
Added Pin To Net: NetName=NetP16_2 Pin=R43-2
Added Net: Name=NetP16_2
Added Pin To Net: NetName=NetP16_3 Pin=P16-3
Added Pin To Net: NetName=NetP16_3 Pin=R44-2
Added Net: Name=NetP16_3
Added Pin To Net: NetName=NetP16_4 Pin=P16-4
Added Pin To Net: NetName=NetP16_4 Pin=R45-2
Added Net: Name=NetP16_4
Added Pin To Net: NetName=NetP16_5 Pin=P16-5
Added Pin To Net: NetName=NetP16_5 Pin=R46-2
Added Net: Name=NetP16_5
Added Pin To Net: NetName=NetP16_6 Pin=P16-6
Added Pin To Net: NetName=NetP16_6 Pin=R47-2
Added Net: Name=NetP16_6
Added Pin To Net: NetName=NetP16_7 Pin=P16-7
Added Pin To Net: NetName=NetP16_7 Pin=R48-2
Added Net: Name=NetP16_7
Added Pin To Net: NetName=NetP16_8 Pin=P16-8
Added Pin To Net: NetName=NetP16_8 Pin=R49-2
Added Net: Name=NetP16_8
Added Pin To Net: NetName=NetR1_2 Pin=R1-2
Added Pin To Net: NetName=NetR1_2 Pin=R2-1
Added Pin To Net: NetName=NetR1_2 Pin=U4-4
Added Net: Name=NetR1_2
Added Pin To Net: NetName=NetR4_2 Pin=R4-2
Added Pin To Net: NetName=NetR4_2 Pin=R5-1
Added Pin To Net: NetName=NetR4_2 Pin=U5-4
Added Net: Name=NetR4_2
Added Pin To Net: NetName=PC6 Pin=R38-1
Added Net: Name=PC6
Added Pin To Net: NetName=PC7 Pin=R39-2
Added Net: Name=PC7
Added Pin To Net: NetName=PC8 Pin=R40-1
Added Net: Name=PC8
Added Pin To Net: NetName=PC9 Pin=R41-2
Added Net: Name=PC9
Added Pin To Net: NetName=PF11 Pin=R24-1
Added Net: Name=PF11
Added Pin To Net: NetName=PF12 Pin=R25-2
Added Net: Name=PF12
Added Pin To Net: NetName=PF13 Pin=R26-1
Added Net: Name=PF13
Added Pin To Net: NetName=PF14 Pin=R27-2
Added Net: Name=PF14
Added Pin To Net: NetName=PF15 Pin=R28-1
Added Net: Name=PF15
Added Pin To Net: NetName=PG0 Pin=R29-2
Added Net: Name=PG0
Added Pin To Net: NetName=PG1 Pin=R30-1
Added Net: Name=PG1
Added Pin To Net: NetName=PG2 Pin=R31-2
Added Net: Name=PG2
Added Pin To Net: NetName=PG3 Pin=R32-1
Added Net: Name=PG3
Added Pin To Net: NetName=PG4 Pin=R33-2
Added Net: Name=PG4
Added Pin To Net: NetName=PG5 Pin=R34-1
Added Net: Name=PG5
Added Pin To Net: NetName=PG6 Pin=R35-2
Added Net: Name=PG6
Added Pin To Net: NetName=PG7 Pin=R36-1
Added Net: Name=PG7
Added Pin To Net: NetName=PG8 Pin=R37-2
Added Net: Name=PG8
Added Pin To Net: NetName=TIM1_CH1 Pin=R42-1
Added Net: Name=TIM1_CH1
Added Pin To Net: NetName=TIM1_CH2 Pin=R43-1
Added Net: Name=TIM1_CH2
Added Pin To Net: NetName=TIM1_CH3 Pin=R44-1
Added Net: Name=TIM1_CH3
Added Pin To Net: NetName=TIM1_CH4 Pin=R45-1
Added Net: Name=TIM1_CH4
Added Pin To Net: NetName=TIM2_CH1 Pin=P3-3
Added Net: Name=TIM2_CH1
Added Pin To Net: NetName=TIM2_CH2 Pin=P4-3
Added Net: Name=TIM2_CH2
Added Pin To Net: NetName=TIM2_CH3 Pin=P5-3
Added Net: Name=TIM2_CH3
Added Pin To Net: NetName=TIM2_CH4 Pin=P6-3
Added Net: Name=TIM2_CH4
Added Pin To Net: NetName=TIM3_CH1 Pin=P7-3
Added Net: Name=TIM3_CH1
Added Pin To Net: NetName=TIM3_CH2 Pin=P8-3
Added Net: Name=TIM3_CH2
Added Pin To Net: NetName=TIM3_CH3 Pin=P9-3
Added Net: Name=TIM3_CH3
Added Pin To Net: NetName=TIM3_CH4 Pin=P10-3
Added Net: Name=TIM3_CH4
Added Pin To Net: NetName=TIM4_CH1 Pin=R46-1
Added Net: Name=TIM4_CH1
Added Pin To Net: NetName=TIM4_CH2 Pin=R47-1
Added Net: Name=TIM4_CH2
Added Pin To Net: NetName=TIM4_CH3 Pin=R48-1
Added Net: Name=TIM4_CH3
Added Pin To Net: NetName=TIM4_CH4 Pin=R49-1
Added Net: Name=TIM4_CH4
Added Pin To Net: NetName=USART1_RX Pin=P13-2
Added Net: Name=USART1_RX
Added Pin To Net: NetName=USART1_TX Pin=P13-3
Added Net: Name=USART1_TX
Added Pin To Net: NetName=USART2_RX Pin=P14-2
Added Net: Name=USART2_RX
Added Pin To Net: NetName=USART2_TX Pin=P14-3
Added Net: Name=USART2_TX
Added Pin To Net: NetName=USART3_RX Pin=P15-2
Added Net: Name=USART3_RX
Added Pin To Net: NetName=USART3_TX Pin=P15-3
Added Net: Name=USART3_TX
Added Pin To Net: NetName=USART6_RX Pin=J3-8
Added Net: Name=USART6_RX
Added Pin To Net: NetName=USART6_TX Pin=J3-10
Added Net: Name=USART6_TX
Added Pin To Net: NetName=VCC_3V3 Pin=P11-15
Added Pin To Net: NetName=VCC_3V3 Pin=U2-5
Added Pin To Net: NetName=VCC_3V3 Pin=U3-5
Added Net: Name=VCC_3V3
Added Pin To Net: NetName=VCC_5V Pin=C9-1
Added Pin To Net: NetName=VCC_5V Pin=C10-1
Added Pin To Net: NetName=VCC_5V Pin=J3-2
Added Pin To Net: NetName=VCC_5V Pin=P3-2
Added Pin To Net: NetName=VCC_5V Pin=P4-2
Added Pin To Net: NetName=VCC_5V Pin=P5-2
Added Pin To Net: NetName=VCC_5V Pin=P6-2
Added Pin To Net: NetName=VCC_5V Pin=P11-14
Added Pin To Net: NetName=VCC_5V Pin=P12-19
Added Pin To Net: NetName=VCC_5V Pin=P13-1
Added Pin To Net: NetName=VCC_5V Pin=P14-1
Added Pin To Net: NetName=VCC_5V Pin=P15-1
Added Pin To Net: NetName=VCC_5V Pin=P16-9
Added Pin To Net: NetName=VCC_5V Pin=U2-3
Added Pin To Net: NetName=VCC_5V Pin=U3-3
Added Net: Name=VCC_5V
Added Pin To Net: NetName=VCC_24V Pin=C1-2
Added Pin To Net: NetName=VCC_24V Pin=C2-1
Added Pin To Net: NetName=VCC_24V Pin=C5-2
Added Pin To Net: NetName=VCC_24V Pin=C6-1
Added Pin To Net: NetName=VCC_24V Pin=C11-2
Added Pin To Net: NetName=VCC_24V Pin=J1-1
Added Pin To Net: NetName=VCC_24V Pin=R9-2
Added Pin To Net: NetName=VCC_24V Pin=U4-1
Added Pin To Net: NetName=VCC_24V Pin=U5-1
Added Pin To Net: NetName=VCC_24V Pin=X1-1
Added Pin To Net: NetName=VCC_24V Pin=X2-1
Added Pin To Net: NetName=VCC_24V Pin=X3-1
Added Pin To Net: NetName=VCC_24V Pin=X4-1
Added Pin To Net: NetName=VCC_24V Pin=X5-1
Added Pin To Net: NetName=VCC_24V Pin=X6-1
Added Pin To Net: NetName=VCC_24V Pin=X7-1
Added Net: Name=VCC_24V
Added Pin To Net: NetName=VCC_ADJ Pin=C3-1
Added Pin To Net: NetName=VCC_ADJ Pin=C4-2
Added Pin To Net: NetName=VCC_ADJ Pin=C7-1
Added Pin To Net: NetName=VCC_ADJ Pin=C8-2
Added Pin To Net: NetName=VCC_ADJ Pin=L1-2
Added Pin To Net: NetName=VCC_ADJ Pin=L2-2
Added Pin To Net: NetName=VCC_ADJ Pin=P7-2
Added Pin To Net: NetName=VCC_ADJ Pin=P8-2
Added Pin To Net: NetName=VCC_ADJ Pin=P9-2
Added Pin To Net: NetName=VCC_ADJ Pin=P10-2
Added Pin To Net: NetName=VCC_ADJ Pin=R2-2
Added Pin To Net: NetName=VCC_ADJ Pin=R2-3
Added Pin To Net: NetName=VCC_ADJ Pin=R3-1
Added Pin To Net: NetName=VCC_ADJ Pin=R5-2
Added Pin To Net: NetName=VCC_ADJ Pin=R5-3
Added Pin To Net: NetName=VCC_ADJ Pin=R6-1
Added Net: Name=VCC_ADJ
Added Class: Name=PCB Ver. 1.0
Added Room: Name=PCB Ver. 1.0
