Change Component Designator: OldDesignator=P2 NewDesignator=P7
Change Component Designator: OldDesignator=P3 NewDesignator=P10
Change Component Designator: OldDesignator=P4 NewDesignator=P11
Change Component Designator: OldDesignator=P5 NewDesignator=P8
Change Component Designator: OldDesignator=P6 NewDesignator=P9
Change Component Designator: OldDesignator=P11 NewDesignator=P16
Added Component: Designator=P2(MHDR1X2)
Added Component: Designator=P3(MHDR1X2)
Added Component: Designator=P4(MHDR1X2)
Added Component: Designator=P5(MHDR1X2)
Added Component: Designator=P6(MHDR1X2)
Added Pin To Net: NetName=NetP1_1 Pin=P2-1
Added Pin To Net: NetName=NetP1_2 Pin=P2-2
Added Pin To Net: NetName=NetP1_1 Pin=P3-1
Added Pin To Net: NetName=NetP1_2 Pin=P3-2
Added Pin To Net: NetName=NetP1_1 Pin=P4-1
Added Pin To Net: NetName=NetP1_2 Pin=P4-2
Added Pin To Net: NetName=NetP1_1 Pin=P5-1
Added Pin To Net: NetName=NetP1_2 Pin=P5-2
Added Pin To Net: NetName=NetP1_1 Pin=P6-1
Added Pin To Net: NetName=NetP1_2 Pin=P6-2
Change Net Name : Old Net Name=NetP2_1 New Net Name=NetP7_1
Change Net Name : Old Net Name=NetP2_2 New Net Name=NetP7_2
Change Net Name : Old Net Name=NetP3_1 New Net Name=NetP10_1
Change Net Name : Old Net Name=NetP3_2 New Net Name=NetP10_2
Change Net Name : Old Net Name=NetP3_3 New Net Name=NetP10_3
Change Net Name : Old Net Name=NetP3_4 New Net Name=NetP10_4
Change Net Name : Old Net Name=NetP3_5 New Net Name=NetP10_5
Change Net Name : Old Net Name=NetP3_6 New Net Name=NetP10_6
Change Net Name : Old Net Name=NetP3_7 New Net Name=NetP10_7
Change Net Name : Old Net Name=NetP3_8 New Net Name=NetP10_8
Change Net Name : Old Net Name=NetP5_1 New Net Name=NetP8_1
Change Net Name : Old Net Name=NetP5_2 New Net Name=NetP8_2
Change Net Name : Old Net Name=NetP5_3 New Net Name=NetP8_3
Change Net Name : Old Net Name=NetP5_4 New Net Name=NetP8_4
Change Net Name : Old Net Name=NetP5_5 New Net Name=NetP8_5
Change Net Name : Old Net Name=NetP5_6 New Net Name=NetP8_6
Change Net Name : Old Net Name=NetP5_7 New Net Name=NetP8_7
Change Net Name : Old Net Name=NetP5_8 New Net Name=NetP8_8
Change Net Name : Old Net Name=NetP11_1 New Net Name=NetP16_1
Change Net Name : Old Net Name=NetP11_2 New Net Name=NetP16_2
Change Net Name : Old Net Name=NetP11_3 New Net Name=NetP16_3
Change Net Name : Old Net Name=NetP11_4 New Net Name=NetP16_4
Change Net Name : Old Net Name=NetP11_5 New Net Name=NetP16_5
Change Net Name : Old Net Name=NetP11_6 New Net Name=NetP16_6
Change Net Name : Old Net Name=NetP11_7 New Net Name=NetP16_7
Change Net Name : Old Net Name=NetP11_8 New Net Name=NetP16_8
Change Net Name : Old Net Name=NetP11_9 New Net Name=NetP16_9
Change Net Name : Old Net Name=NetP11_10 New Net Name=NetP16_10
Change Net Name : Old Net Name=NetP11_11 New Net Name=NetP16_11
Change Net Name : Old Net Name=NetP11_12 New Net Name=NetP16_12
Change Net Name : Old Net Name=NetP11_13 New Net Name=NetP16_13
Added Member To Class: ClassName=PCB Ver. 1.0 Member=Component P7 CAN2
Added Member To Class: ClassName=PCB Ver. 1.0 Member=Component P8 Header 8
Added Member To Class: ClassName=PCB Ver. 1.0 Member=Component P9 Header 8X2
Added Member To Class: ClassName=PCB Ver. 1.0 Member=Component P10 Header 8
Added Member To Class: ClassName=PCB Ver. 1.0 Member=Component P16 Header 8X2
